[2025-08-22 11:39:19] INFO: PUT request to /doctor/updateworkexperience/68a44b251a0e217671835d05/2 | Data: {"doctor_id":"68a44b251a0e217671835d05","hospital_name":"title one","from_year":"2025-08-22","to_year":"","designation":"","major_achievements":"","_id":"68a80965d06702cd3539e37e"}
[2025-08-22 12:03:53] INFO: PUT request to /doctor/updatedoctor/68a44b251a0e217671835d05 | User: Invalid Token | Data: undefined
[2025-08-22 12:07:09] INFO: POST request to /doctor/login | User: Unknown User | Data: {"email":"digvijaykumar.315@gmail.com","password":"321"}
[2025-08-22 12:09:23] INFO: PUT request to /doctor/updatedoctor/68a44b251a0e217671835d05 | User: 68a44b251a0e217671835d05 | Data: undefined
[2025-08-22 12:10:37] INFO: PUT request to /doctor/updatedoctor/68a44b251a0e217671835d05 | User: Digvijay | Data: undefined
[2025-08-22 12:11:58] INFO: PUT request to /doctor/updatedoctor/68a44b251a0e217671835d05 | User: Digvijay | Data: {"files":[]}
[2025-08-22 12:14:32] INFO: PUT request to /doctor/updatedoctor/68a44b251a0e217671835d05 | User: Digvijay | Data: {"body":"No text fields","files":"No files"}
[2025-08-22 12:19:18] INFO: POST request to /doctor/login | User: Unknown User | Data: {"body":{"email":"digvijaykumar.315@gmail.com","password":"321"},"files":"No files"}
[2025-08-22 12:19:33] INFO: PUT request to /doctor/updatedoctor/68a44b251a0e217671835d05 | User: Digvijay | Data: {"body":"No text fields","files":"No files"}
[2025-08-22 12:21:41] INFO: POST request to /doctor/login | Data: {"email":"digvijaykumar.315@gmail.com","password":"321"}
[2025-08-22 12:21:49] INFO: PUT request to /doctor/updatedoctor/68a44b251a0e217671835d05 | Data: undefined
[2025-08-22 12:22:33] INFO: PUT request to /doctor/updatedoctor/68a44b251a0e217671835d05 | User: Unknown User | Data: {"body":{"_id":"68a44b251a0e217671835d05","profile_pic":["https://res.cloudinary.com/dkmtu1ear/image/upload/v1755765481/xplngwuziqrtekmavjkb.jpg"],"firstName":"Digvijay","lastName":"kumar","address1":"Dumka Jharkhand","address2":"noida sec 58","state":"Jharkhand","city":"Dumka","postal_code":"201301","dateOfBirth":"1993-02-26","email":"digvijaykumar.315@gmail.com","gender":"Male","password":"$2b$10$e3sM05u.RzO3b0/86orSKuUyy2G87amp0MHgMthByK1SXIQEn1BX.","qualification":["MBBS","BHMS"],"medical_specialty":"Gynecology & Obstetrics","hospital_association":["India"],"clinic_name":"fortis","clinic_address1":"noida sec 62","clinic_address2":"","clinic_state":"UP","clinic_city":"Noida","clinic_postal_code":"201301","clinic_geo_location":"no","subscription":["Digital CME","Innovative Cases"],"ischangedpassword":false,"createdAt":"2025-08-19T10:00:05.023Z","updatedAt":"2025-08-22T06:51:49.825Z","__v":1,"country":"India","phone_number":"07047752734","website":"bizaariocare.com","bio":"hello my name is digvijay kumar and i am a full stack developer thanks","bio_video":"https://www.youtube.com/embed/7Cq5A5H1fBQ","image_gallary":["https://res.cloudinary.com/dkmtu1ear/image/upload/v1755758360/coqwc0qachaqaphn6ke4.png","https://res.cloudinary.com/dkmtu1ear/image/upload/v1755759165/rtqbrq72q8t9js4snrfm.png","https://res.cloudinary.com/dkmtu1ear/image/upload/v1755769381/cbsnmxya0pkk9jg9nrws.png","https://res.cloudinary.com/dkmtu1ear/image/upload/v1755769648/psq9btrpc5kwyaccguxo.png"],"upcoming_events":[{"event_image":[],"_id":"68a80f0e74e7b94bac37da05"}],"work_experience":[{"doctor_id":"68a44b251a0e217671835d05","hospital_name":"civil hospital","from_year":"2025-01-21","to_year":"2025-08-21","designation":"surgon","major_achievements":"awards from mp","_id":"68a6fe6d0722a8283c555147"},{"doctor_id":"68a44b251a0e217671835d05","hospital_name":"civil hospital","from_year":"2025-01-21","to_year":"2025-08-21","designation":"general","major_achievements":"awards from mp","_id":"68a6ff2db5df039c933ccbaf"},{"doctor_id":"68a44b251a0e217671835d05","hospital_name":"title one","from_year":"2025-08-22","to_year":"","designation":"","major_achievements":"","_id":"68a80965d06702cd3539e37e"}],"awards_and_achievements":[{"title":"Published Research in Medical Journal","year":2020,"organization":"Journal of Clinical Medicine","description":"Published a groundbreaking research paper on heart disease treatments.","link_of_award":"link","_id":"68a7004988cf66ec4c537cc3"},{"_id":"68a7005c88cf66ec4c537ccd"},{"title":"Published Research in Medical Journal 22","year":2020,"organization":"Journal of Clinical Medicine","description":"Published a groundbreaking research paper on heart disease treatments.","link_of_award":"link","_id":"68a700c0bda0675db34959ef"}]},"files":"No files"}
[2025-08-22 12:22:59] INFO: PUT request to /doctor/updatedoctor/68a44b251a0e217671835d05 | User: Digvijay | Data: {"body":"No text fields","files":"No files"}
[2025-08-22 12:25:31] INFO: PUT request to /doctor/updatedoctor/68a44b251a0e217671835d05 | User: Digvijay | Data: {"body":"No text fields","files":"No files"}
[2025-08-22 12:25:44] INFO: PUT request to /doctor/updatedoctor/68a44b251a0e217671835d05 | User: Digvijay | Data: {"body":"No text fields","files":"No files"}
[2025-08-22 12:26:19] INFO: PUT request to /doctor/updatedoctor/68a44b251a0e217671835d05 | User: Digvijay | Data: {"body":"No text fields","files":"No files"}
[2025-08-22 12:29:47] INFO: PUT request to /doctor/updatedoctor/68a44b251a0e217671835d05 | User: Digvijay | Data: {"body":"No text fields","files":"No files"}
[2025-08-22 12:29:47] INFO: PUT request to /doctor/updatedoctor/68a44b251a0e217671835d05 | User: Digvijay | Data: {"body":{"_id":"68a44b251a0e217671835d05","profile_pic":["https://res.cloudinary.com/dkmtu1ear/image/upload/v1755765481/xplngwuziqrtekmavjkb.jpg"],"firstName":"Digvijay","lastName":"kumar","address1":"Dumka Jharkhand","address2":"noida sec 58","state":"Jharkhand","city":"Dumka","postal_code":"201301","dateOfBirth":"1993-02-24","email":"digvijaykumar.315@gmail.com","gender":"Male","password":"$2b$10$e3sM05u.RzO3b0/86orSKuUyy2G87amp0MHgMthByK1SXIQEn1BX.","qualification":["MBBS","BHMS"],"medical_specialty":"Gynecology & Obstetrics","hospital_association":["India"],"clinic_name":"fortis","clinic_address1":"noida sec 62","clinic_address2":"","clinic_state":"UP","clinic_city":"Noida","clinic_postal_code":"201301","clinic_geo_location":"no","subscription":["Digital CME","Innovative Cases"],"ischangedpassword":"false","createdAt":"2025-08-19T10:00:05.023Z","updatedAt":"2025-08-22T06:56:19.739Z","__v":"1","country":"India","phone_number":"07047752734","website":"bizaariocare.com","bio":"hello my name is digvijay kumar and i am a full stack developer thanks","bio_video":"https://www.youtube.com/embed/7Cq5A5H1fBQ","image_gallary":["https://res.cloudinary.com/dkmtu1ear/image/upload/v1755758360/coqwc0qachaqaphn6ke4.png","https://res.cloudinary.com/dkmtu1ear/image/upload/v1755759165/rtqbrq72q8t9js4snrfm.png","https://res.cloudinary.com/dkmtu1ear/image/upload/v1755769381/cbsnmxya0pkk9jg9nrws.png","https://res.cloudinary.com/dkmtu1ear/image/upload/v1755769648/psq9btrpc5kwyaccguxo.png"],"upcoming_events":[{"_id":"68a80f0e74e7b94bac37da05"}],"work_experience":[{"doctor_id":"68a44b251a0e217671835d05","hospital_name":"civil hospital","from_year":"2025-01-21","to_year":"2025-08-21","designation":"surgon","major_achievements":"awards from mp","_id":"68a6fe6d0722a8283c555147"},{"doctor_id":"68a44b251a0e217671835d05","hospital_name":"civil hospital","from_year":"2025-01-21","to_year":"2025-08-21","designation":"general","major_achievements":"awards from mp","_id":"68a6ff2db5df039c933ccbaf"},{"doctor_id":"68a44b251a0e217671835d05","hospital_name":"title one","from_year":"2025-08-22","to_year":"","designation":"","major_achievements":"","_id":"68a80965d06702cd3539e37e"}],"awards_and_achievements":[{"title":"Published Research in Medical Journal","year":"2020","organization":"Journal of Clinical Medicine","description":"Published a groundbreaking research paper on heart disease treatments.","link_of_award":"link","_id":"68a7004988cf66ec4c537cc3"},{"_id":"68a7005c88cf66ec4c537ccd"},{"title":"Published Research in Medical Journal 22","year":"2020","organization":"Journal of Clinical Medicine","description":"Published a groundbreaking research paper on heart disease treatments.","link_of_award":"link","_id":"68a700c0bda0675db34959ef"}]},"files":"No files"}
[2025-08-22 12:30:45] INFO: PUT request to /doctor/updateworkexperience/68a44b251a0e217671835d05/2 | User: Unknown User | Data: {"body":{"doctor_id":"68a44b251a0e217671835d05","hospital_name":"title one","from_year":"2025-08-22","to_year":"","designation":"","major_achievements":"","_id":"68a80965d06702cd3539e37e"},"files":"No files"}
[2025-08-22 12:33:17] INFO: PUT request to /doctor/updateworkexperience/68a44b251a0e217671835d05/2 | User: Digvijay | Data: {"body":"No text fields","files":"No files"}
[2025-08-22 12:35:39] INFO: PUT request to /doctor/updateworkexperience/68a44b251a0e217671835d05/2 | User: Unknown User | Data: {"body":{"doctor_id":"68a44b251a0e217671835d05","hospital_name":"title","from_year":"2025-08-22","to_year":"","designation":"","major_achievements":"","_id":"68a80965d06702cd3539e37e"},"files":"No files"}
[2025-08-22 13:44:28] INFO: PUT request to /doctor/updatedoctor/68a44b251a0e217671835d05 | User: Unknown User | Data: {"body":{"_id":"68a44b251a0e217671835d05","profile_pic":["https://res.cloudinary.com/dkmtu1ear/image/upload/v1755765481/xplngwuziqrtekmavjkb.jpg"],"firstName":"Digvijay","lastName":"kumar","address1":"Dumka Jharkhand","address2":"noida sec 58","state":"Jharkhand","city":"Dumka","postal_code":"201301","dateOfBirth":"1993-02-24","email":"digvijaykumar.315@gmail.com","gender":"Male","password":"$2b$10$e3sM05u.RzO3b0/86orSKuUyy2G87amp0MHgMthByK1SXIQEn1BX.","qualification":["MBBS","BHMS"],"medical_specialty":"Gynecology & Obstetrics","hospital_association":["India"],"clinic_name":"fortis","clinic_address1":"noida sec 62","clinic_address2":"","clinic_state":"UP","clinic_city":"Noida","clinic_postal_code":"201301","clinic_geo_location":"no","subscription":["Digital CME","Innovative Cases"],"ischangedpassword":false,"createdAt":"2025-08-19T10:00:05.023Z","updatedAt":"2025-08-22T07:05:39.201Z","__v":1,"country":"India","phone_number":"07047752734","website":"bizaariocare.com","bio":"hello my name is digvijay kumar and i am a full stack developer thanks","bio_video":"https://www.youtube.com/embed/7Cq5A5H1fBQ","image_gallary":["https://res.cloudinary.com/dkmtu1ear/image/upload/v1755758360/coqwc0qachaqaphn6ke4.png","https://res.cloudinary.com/dkmtu1ear/image/upload/v1755759165/rtqbrq72q8t9js4snrfm.png","https://res.cloudinary.com/dkmtu1ear/image/upload/v1755769381/cbsnmxya0pkk9jg9nrws.png","https://res.cloudinary.com/dkmtu1ear/image/upload/v1755769648/psq9btrpc5kwyaccguxo.png"],"upcoming_events":[{"event_image":[],"_id":"68a80f0e74e7b94bac37da05"}],"work_experience":[{"doctor_id":"68a44b251a0e217671835d05","hospital_name":"civil hospital","from_year":"2025-01-21","to_year":"2025-08-21","designation":"surgon","major_achievements":"awards from mp","_id":"68a6fe6d0722a8283c555147"},{"doctor_id":"68a44b251a0e217671835d05","hospital_name":"civil hospital","from_year":"2025-01-21","to_year":"2025-08-21","designation":"general","major_achievements":"awards from mp","_id":"68a6ff2db5df039c933ccbaf"},{"doctor_id":"68a44b251a0e217671835d05","hospital_name":"title","from_year":"2025-08-22","to_year":"","designation":"","major_achievements":"","_id":"68a80965d06702cd3539e37e"}],"awards_and_achievements":[{"title":"Published Research in Medical Journal","year":2020,"organization":"Journal of Clinical Medicine","description":"Published a groundbreaking research paper on heart disease treatments.","link_of_award":"link","_id":"68a7004988cf66ec4c537cc3"},{"_id":"68a7005c88cf66ec4c537ccd"},{"title":"Published Research in Medical Journal 22","year":2020,"organization":"Journal of Clinical Medicine","description":"Published a groundbreaking research paper on heart disease treatments.","link_of_award":"link","_id":"68a700c0bda0675db34959ef"}]},"files":"No files"}
[2025-08-22 13:44:47] INFO: PUT request to /doctor/updatedoctor/68a44b251a0e217671835d05 | User: Invalid Token | Data: {"body":"No text fields","files":"No files"}
[2025-08-22 13:45:16] INFO: PUT request to /doctor/updatedoctor/68a44b251a0e217671835d05 | User: Invalid Token | Data: {"body":"No text fields","files":"No files"}
[2025-08-22 13:45:16] INFO: PUT request to /doctor/updatedoctor/68a44b251a0e217671835d05 | User: Invalid Token | Data: {"body":{"_id":"68a44b251a0e217671835d05","profile_pic":["https://res.cloudinary.com/dkmtu1ear/image/upload/v1755765481/xplngwuziqrtekmavjkb.jpg"],"firstName":"Digvijay","lastName":"kumar","address1":"Dumka Jharkhand","address2":"noida sec 58","state":"Jharkhand","city":"Dumka","postal_code":"201301","dateOfBirth":"1993-02-24","email":"digvijaykumar.315@gmail.com","gender":"Male","password":"$2b$10$e3sM05u.RzO3b0/86orSKuUyy2G87amp0MHgMthByK1SXIQEn1BX.","qualification":["MBBS","BHMS"],"medical_specialty":"Gynecology & Obstetrics","hospital_association":["India"],"clinic_name":"fortis","clinic_address1":"noida sec 62","clinic_address2":"","clinic_state":"UP","clinic_city":"Noida","clinic_postal_code":"201301","clinic_geo_location":"no","subscription":["Digital CME","Innovative Cases"],"ischangedpassword":"false","createdAt":"2025-08-19T10:00:05.023Z","updatedAt":"2025-08-22T08:14:47.713Z","__v":"1","country":"India","phone_number":"07047752734","website":"bizaariocare.com","bio":"hello my name is digvijay kumar and i am a full stack developer thanks","bio_video":"https://www.youtube.com/embed/7Cq5A5H1fBQ","image_gallary":["https://res.cloudinary.com/dkmtu1ear/image/upload/v1755758360/coqwc0qachaqaphn6ke4.png","https://res.cloudinary.com/dkmtu1ear/image/upload/v1755759165/rtqbrq72q8t9js4snrfm.png","https://res.cloudinary.com/dkmtu1ear/image/upload/v1755769381/cbsnmxya0pkk9jg9nrws.png","https://res.cloudinary.com/dkmtu1ear/image/upload/v1755769648/psq9btrpc5kwyaccguxo.png"],"upcoming_events":[{"_id":"68a80f0e74e7b94bac37da05"}],"work_experience":[{"doctor_id":"68a44b251a0e217671835d05","hospital_name":"civil hospital","from_year":"2025-01-21","to_year":"2025-08-21","designation":"surgon","major_achievements":"awards from mp","_id":"68a6fe6d0722a8283c555147"},{"doctor_id":"68a44b251a0e217671835d05","hospital_name":"civil hospital","from_year":"2025-01-21","to_year":"2025-08-21","designation":"general","major_achievements":"awards from mp","_id":"68a6ff2db5df039c933ccbaf"},{"doctor_id":"68a44b251a0e217671835d05","hospital_name":"title","from_year":"2025-08-22","to_year":"","designation":"","major_achievements":"","_id":"68a80965d06702cd3539e37e"}],"awards_and_achievements":[{"title":"Published Research in Medical Journal","year":"2020","organization":"Journal of Clinical Medicine","description":"Published a groundbreaking research paper on heart disease treatments.","link_of_award":"link","_id":"68a7004988cf66ec4c537cc3"},{"_id":"68a7005c88cf66ec4c537ccd"},{"title":"Published Research in Medical Journal 22","year":"2020","organization":"Journal of Clinical Medicine","description":"Published a groundbreaking research paper on heart disease treatments.","link_of_award":"link","_id":"68a700c0bda0675db34959ef"}]},"files":"No files"}
[2025-08-22 13:46:46] INFO: POST request to /doctor/login | User: Unknown User | Data: {"body":{"email":"digvijaykumar.315@gmail.com","password":"321"},"files":"No files"}
[2025-08-22 13:47:03] INFO: POST request to /doctor/login | User: Unknown User | Data: {"body":{"email":"digvijaykumar.315@gmail.com","password":"321"},"files":"No files"}
[2025-08-22 13:47:16] INFO: PUT request to /doctor/updatedoctor/68a44b251a0e217671835d05 | User: Digvijay | Data: {"body":"No text fields","files":"No files"}
[2025-08-22 13:47:16] INFO: PUT request to /doctor/updatedoctor/68a44b251a0e217671835d05 | User: Digvijay | Data: {"body":{"_id":"68a44b251a0e217671835d05","profile_pic":["https://res.cloudinary.com/dkmtu1ear/image/upload/v1755765481/xplngwuziqrtekmavjkb.jpg"],"firstName":"Digvijay","lastName":"kumar","address1":"Dumka Jharkhand","address2":"noida sec 58","state":"Jharkhand","city":"Dumka","postal_code":"201301","dateOfBirth":"1993-02-24","email":"digvijaykumar.315@gmail.com","gender":"Male","password":"$2b$10$e3sM05u.RzO3b0/86orSKuUyy2G87amp0MHgMthByK1SXIQEn1BX.","qualification":["MBBS","BHMS"],"medical_specialty":"Gynecology & Obstetrics","hospital_association":["India"],"clinic_name":"fortis","clinic_address1":"noida sec 62","clinic_address2":"","clinic_state":"UP","clinic_city":"Noida","clinic_postal_code":"201301","clinic_geo_location":"no","subscription":["Digital CME","Innovative Cases"],"ischangedpassword":"false","createdAt":"2025-08-19T10:00:05.023Z","updatedAt":"2025-08-22T08:15:16.235Z","__v":"1","country":"India","phone_number":"07047752734","website":"bizaariocare.com","bio":"hello my name is digvijay kumar and i am a full stack developer thanks","bio_video":"https://www.youtube.com/embed/7Cq5A5H1fBQ","image_gallary":["https://res.cloudinary.com/dkmtu1ear/image/upload/v1755758360/coqwc0qachaqaphn6ke4.png","https://res.cloudinary.com/dkmtu1ear/image/upload/v1755759165/rtqbrq72q8t9js4snrfm.png","https://res.cloudinary.com/dkmtu1ear/image/upload/v1755769381/cbsnmxya0pkk9jg9nrws.png","https://res.cloudinary.com/dkmtu1ear/image/upload/v1755769648/psq9btrpc5kwyaccguxo.png"],"upcoming_events":[{"_id":"68a80f0e74e7b94bac37da05"}],"work_experience":[{"doctor_id":"68a44b251a0e217671835d05","hospital_name":"civil hospital","from_year":"2025-01-21","to_year":"2025-08-21","designation":"surgon","major_achievements":"awards from mp","_id":"68a6fe6d0722a8283c555147"},{"doctor_id":"68a44b251a0e217671835d05","hospital_name":"civil hospital","from_year":"2025-01-21","to_year":"2025-08-21","designation":"general","major_achievements":"awards from mp","_id":"68a6ff2db5df039c933ccbaf"},{"doctor_id":"68a44b251a0e217671835d05","hospital_name":"title","from_year":"2025-08-22","to_year":"","designation":"","major_achievements":"","_id":"68a80965d06702cd3539e37e"}],"awards_and_achievements":[{"title":"Published Research in Medical Journal","year":"2020","organization":"Journal of Clinical Medicine","description":"Published a groundbreaking research paper on heart disease treatments.","link_of_award":"link","_id":"68a7004988cf66ec4c537cc3"},{"_id":"68a7005c88cf66ec4c537ccd"},{"title":"Published Research in Medical Journal 22","year":"2020","organization":"Journal of Clinical Medicine","description":"Published a groundbreaking research paper on heart disease treatments.","link_of_award":"link","_id":"68a700c0bda0675db34959ef"}]},"files":"No files"}
[2025-08-22 13:47:41] INFO: PUT request to /doctor/updatedoctor/68a44b251a0e217671835d05 | User: Digvijay | Data: {"body":"No text fields","files":"No files"}
[2025-08-22 13:47:41] INFO: PUT request to /doctor/updatedoctor/68a44b251a0e217671835d05 | User: Digvijay | Data: {"body":{"_id":"68a44b251a0e217671835d05","profile_pic":["https://res.cloudinary.com/dkmtu1ear/image/upload/v1755765481/xplngwuziqrtekmavjkb.jpg"],"firstName":"Digvijay","lastName":"kumar","address1":"Dumka Jharkhand","address2":"noida sec 58","state":"Jharkhand","city":"Dumka","postal_code":"201301","dateOfBirth":"1993-02-24","email":"digvijaykumar.315@gmail.com","gender":"Male","password":"$2b$10$e3sM05u.RzO3b0/86orSKuUyy2G87amp0MHgMthByK1SXIQEn1BX.","qualification":["MBBS","BHMS"],"medical_specialty":"Gynecology & Obstetrics","hospital_association":["India"],"clinic_name":"fortis","clinic_address1":"noida sec 62","clinic_address2":"","clinic_state":"UP","clinic_city":"Noida","clinic_postal_code":"201301","clinic_geo_location":"no","subscription":["Digital CME","Innovative Cases"],"ischangedpassword":"false","createdAt":"2025-08-19T10:00:05.023Z","updatedAt":"2025-08-22T08:17:16.906Z","__v":"1","country":"India","phone_number":"07047752734","website":"bizaariocare.com","bio":"hello my name is digvijay kumar and i am a full stack developer thanks","bio_video":"https://www.youtube.com/embed/7Cq5A5H1fBQ","image_gallary":["https://res.cloudinary.com/dkmtu1ear/image/upload/v1755758360/coqwc0qachaqaphn6ke4.png","https://res.cloudinary.com/dkmtu1ear/image/upload/v1755759165/rtqbrq72q8t9js4snrfm.png","https://res.cloudinary.com/dkmtu1ear/image/upload/v1755769381/cbsnmxya0pkk9jg9nrws.png","https://res.cloudinary.com/dkmtu1ear/image/upload/v1755769648/psq9btrpc5kwyaccguxo.png"],"upcoming_events":[{"_id":"68a80f0e74e7b94bac37da05"}],"work_experience":[{"doctor_id":"68a44b251a0e217671835d05","hospital_name":"civil hospital","from_year":"2025-01-21","to_year":"2025-08-21","designation":"surgon","major_achievements":"awards from mp","_id":"68a6fe6d0722a8283c555147"},{"doctor_id":"68a44b251a0e217671835d05","hospital_name":"civil hospital","from_year":"2025-01-21","to_year":"2025-08-21","designation":"general","major_achievements":"awards from mp","_id":"68a6ff2db5df039c933ccbaf"},{"doctor_id":"68a44b251a0e217671835d05","hospital_name":"title","from_year":"2025-08-22","to_year":"","designation":"","major_achievements":"","_id":"68a80965d06702cd3539e37e"}],"awards_and_achievements":[{"title":"Published Research in Medical Journal","year":"2020","organization":"Journal of Clinical Medicine","description":"Published a groundbreaking research paper on heart disease treatments.","link_of_award":"link","_id":"68a7004988cf66ec4c537cc3"},{"_id":"68a7005c88cf66ec4c537ccd"},{"title":"Published Research in Medical Journal 22","year":"2020","organization":"Journal of Clinical Medicine","description":"Published a groundbreaking research paper on heart disease treatments.","link_of_award":"link","_id":"68a700c0bda0675db34959ef"}]},"files":"No files"}
[2025-08-22 13:48:53] INFO: PUT request to /doctor/updatedoctor/68a44b251a0e217671835d05 | User: Digvijay | Data: undefined
[2025-08-22 13:48:53] INFO: PUT request to /doctor/updatedoctor/68a44b251a0e217671835d05 | User: Digvijay | Data: {"_id":"68a44b251a0e217671835d05","profile_pic":["https://res.cloudinary.com/dkmtu1ear/image/upload/v1755765481/xplngwuziqrtekmavjkb.jpg"],"firstName":"Digvijay","lastName":"kumar","address1":"Dumka Jharkhand","address2":"noida sec 58","state":"Jharkhand","city":"Dumka","postal_code":"201301","dateOfBirth":"1993-02-24","email":"digvijaykumar.315@gmail.com","gender":"Male","password":"$2b$10$e3sM05u.RzO3b0/86orSKuUyy2G87amp0MHgMthByK1SXIQEn1BX.","qualification":["MBBS","BHMS"],"medical_specialty":"Gynecology & Obstetrics","hospital_association":["India"],"clinic_name":"fortis","clinic_address1":"noida sec 62","clinic_address2":"","clinic_state":"UP","clinic_city":"Noida","clinic_postal_code":"201301","clinic_geo_location":"no","subscription":["Digital CME","Innovative Cases"],"ischangedpassword":"false","createdAt":"2025-08-19T10:00:05.023Z","updatedAt":"2025-08-22T08:17:41.130Z","__v":"1","country":"India","phone_number":"07047752734","website":"bizaariocare.com","bio":"hello my name is digvijay kumar and i am a full stack developer thanks","bio_video":"https://www.youtube.com/embed/7Cq5A5H1fBQ","image_gallary":["https://res.cloudinary.com/dkmtu1ear/image/upload/v1755758360/coqwc0qachaqaphn6ke4.png","https://res.cloudinary.com/dkmtu1ear/image/upload/v1755759165/rtqbrq72q8t9js4snrfm.png","https://res.cloudinary.com/dkmtu1ear/image/upload/v1755769381/cbsnmxya0pkk9jg9nrws.png","https://res.cloudinary.com/dkmtu1ear/image/upload/v1755769648/psq9btrpc5kwyaccguxo.png"],"upcoming_events":[{"_id":"68a80f0e74e7b94bac37da05"}],"work_experience":[{"doctor_id":"68a44b251a0e217671835d05","hospital_name":"civil hospital","from_year":"2025-01-21","to_year":"2025-08-21","designation":"surgon","major_achievements":"awards from mp","_id":"68a6fe6d0722a8283c555147"},{"doctor_id":"68a44b251a0e217671835d05","hospital_name":"civil hospital","from_year":"2025-01-21","to_year":"2025-08-21","designation":"general","major_achievements":"awards from mp","_id":"68a6ff2db5df039c933ccbaf"},{"doctor_id":"68a44b251a0e217671835d05","hospital_name":"title","from_year":"2025-08-22","to_year":"","designation":"","major_achievements":"","_id":"68a80965d06702cd3539e37e"}],"awards_and_achievements":[{"title":"Published Research in Medical Journal","year":"2020","organization":"Journal of Clinical Medicine","description":"Published a groundbreaking research paper on heart disease treatments.","link_of_award":"link","_id":"68a7004988cf66ec4c537cc3"},{"_id":"68a7005c88cf66ec4c537ccd"},{"title":"Published Research in Medical Journal 22","year":"2020","organization":"Journal of Clinical Medicine","description":"Published a groundbreaking research paper on heart disease treatments.","link_of_award":"link","_id":"68a700c0bda0675db34959ef"}]}
[2025-08-22 13:49:41] INFO: PUT request to /doctor/updatedoctor/68a44b251a0e217671835d05 | User: Digvijay
[2025-08-22 13:49:41] INFO: PUT request to /doctor/updatedoctor/68a44b251a0e217671835d05 | User: Digvijay
[2025-08-22 13:51:08] INFO: PUT request to /doctor/updatedoctor/68a44b251a0e217671835d05 | User: Digvijay
[2025-08-22 14:59:34] INFO: PUT request to /doctor/addawards/68a44b251a0e217671835d05 | User: Unknown User
[2025-08-22 15:00:04] INFO: PUT request to /doctor/addawards/68a44b251a0e217671835d05 | User: Unknown User
[2025-08-22 15:01:01] INFO: PUT request to /doctor/addawards/68a44b251a0e217671835d05 | User: Unknown User
[2025-08-22 15:02:17] INFO: PUT request to /doctor/addawards/68a44b251a0e217671835d05 | User: Unknown User
[2025-08-22 15:03:40] INFO: PUT request to /doctor/addawards/68a44b251a0e217671835d05 | User: Unknown User
[2025-08-22 15:18:56] INFO: PUT request to /doctor/addawards/68a44b251a0e217671835d05 | User: Unknown User
[2025-08-22 15:19:41] INFO: PUT request to /doctor/addawards/68a44b251a0e217671835d05 | User: Unknown User
[2025-08-22 15:21:58] INFO: PUT request to /doctor/addawards/68a44b251a0e217671835d05 | User: Unknown User
[2025-08-22 15:22:13] INFO: PUT request to /doctor/addawards/68a44b251a0e217671835d05 | User: Unknown User
[2025-08-22 15:23:10] INFO: PUT request to /doctor/addawards/68a44b251a0e217671835d05 | User: Unknown User
[2025-08-22 15:24:33] INFO: PUT request to /doctor/addawards/68a44b251a0e217671835d05 | User: Unknown User
[2025-08-22 15:25:16] INFO: PUT request to /doctor/addawards/68a44b251a0e217671835d05 | User: Unknown User
[2025-08-22 15:26:52] INFO: PUT request to /doctor/addawards/68a44b251a0e217671835d05 | User: Unknown User
[2025-08-22 16:11:46] INFO: PUT request to /doctor/deleteimagefromgallary/68a44b251a0e217671835d05/3 | User: Unknown User
[2025-08-22 17:02:52] INFO: PUT request to /doctor/addawards/68a44b251a0e217671835d05 | User: Unknown User
[2025-08-22 17:07:34] INFO: PUT request to /doctor/addawards/68a44b251a0e217671835d05 | User: Unknown User
[2025-08-22 17:21:27] INFO: PUT request to /doctor/deleteawardimage/68a44b251a0e217671835d05/0/0 | User: Unknown User
[2025-08-22 17:22:29] INFO: PUT request to /doctor/deleteawardimage/68a44b251a0e217671835d05/0/0 | User: Unknown User
[2025-08-22 17:23:38] INFO: PUT request to /doctor/deleteawardimage/68a44b251a0e217671835d05/0/1 | User: Unknown User
[2025-08-22 17:27:00] INFO: PUT request to /doctor/deleteawardimage/68a44b251a0e217671835d05/0/1 | User: Unknown User
[2025-08-22 17:36:07] INFO: PUT request to /doctor/addworkexperience/68a44b251a0e217671835d05/0 | User: Unknown User
[2025-08-22 17:37:41] INFO: PUT request to /doctor/updateaward/68a44b251a0e217671835d05/0 | User: Unknown User
[2025-08-22 17:38:18] INFO: PUT request to /doctor/updateaward/68a44b251a0e217671835d05/0 | User: Unknown User
[2025-08-22 17:41:03] INFO: PUT request to /doctor/updateaward/68a44b251a0e217671835d05/0 | User: Unknown User
[2025-08-22 17:41:18] INFO: PUT request to /doctor/deleteawardimage/68a44b251a0e217671835d05/0/0 | User: Unknown User
[2025-08-22 17:41:24] INFO: PUT request to /doctor/deleteawardimage/68a44b251a0e217671835d05/0/1 | User: Unknown User
[2025-08-22 17:41:45] INFO: PUT request to /doctor/updateaward/68a44b251a0e217671835d05/0 | User: Unknown User
[2025-08-22 17:42:00] INFO: PUT request to /doctor/updateaward/68a44b251a0e217671835d05/0 | User: Unknown User
[2025-08-22 17:44:22] INFO: PUT request to /doctor/deleteawardimage/68a44b251a0e217671835d05/0/2 | User: Unknown User
[2025-08-22 17:44:26] INFO: PUT request to /doctor/updateaward/68a44b251a0e217671835d05/0 | User: Unknown User
[2025-08-22 17:44:33] INFO: PUT request to /doctor/deleteawardimage/68a44b251a0e217671835d05/0/1 | User: Unknown User
[2025-08-22 17:44:35] INFO: PUT request to /doctor/deleteawardimage/68a44b251a0e217671835d05/0/0 | User: Unknown User
[2025-08-22 17:44:43] INFO: PUT request to /doctor/updateaward/68a44b251a0e217671835d05/0 | User: Unknown User
[2025-08-22 17:45:47] INFO: PUT request to /doctor/addawards/68a44b251a0e217671835d05 | User: Unknown User
[2025-08-22 17:46:24] INFO: PUT request to /doctor/addawards/68a44b251a0e217671835d05 | User: Unknown User
[2025-08-22 17:47:43] INFO: PUT request to /doctor/addawards/68a44b251a0e217671835d05 | User: Unknown User
[2025-08-22 17:49:53] INFO: PUT request to /doctor/deleteawardimage/68a44b251a0e217671835d05/1/1 | User: Unknown User
[2025-08-22 17:50:26] INFO: PUT request to /doctor/deleteawardimage/68a44b251a0e217671835d05/1/0 | User: Unknown User
[2025-08-22 17:50:35] INFO: PUT request to /doctor/updateaward/68a44b251a0e217671835d05/1 | User: Unknown User
[2025-08-22 17:51:13] INFO: PUT request to /doctor/addawards/68a44b251a0e217671835d05 | User: Unknown User
[2025-08-22 17:51:47] INFO: PUT request to /doctor/addawards/68a44b251a0e217671835d05 | User: Unknown User
[2025-08-22 17:52:10] INFO: PUT request to /doctor/deleteawardimage/68a44b251a0e217671835d05/3/1 | User: Unknown User
[2025-08-22 17:52:13] INFO: PUT request to /doctor/deleteawardimage/68a44b251a0e217671835d05/3/0 | User: Unknown User
[2025-08-22 17:52:16] INFO: PUT request to /doctor/updateaward/68a44b251a0e217671835d05/3 | User: Unknown User
[2025-08-22 17:52:32] INFO: PUT request to /doctor/updateaward/68a44b251a0e217671835d05/3 | User: Unknown User
[2025-08-22 17:53:00] INFO: PUT request to /doctor/updateaward/68a44b251a0e217671835d05/2 | User: Unknown User
[2025-08-22 17:53:20] INFO: PUT request to /doctor/updateaward/68a44b251a0e217671835d05/2 | User: Unknown User
[2025-08-22 17:53:30] INFO: PUT request to /doctor/deleteawardimage/68a44b251a0e217671835d05/2/1 | User: Unknown User
[2025-08-22 17:57:44] INFO: PUT request to /doctor/deletepicturegallary/68a44b251a0e217671835d05/3/1 | User: Unknown User
[2025-08-22 17:58:22] INFO: PUT request to /doctor/deletepicturegallary/68a44b251a0e217671835d05/3/1 | User: Unknown User
[2025-08-22 17:58:25] INFO: PUT request to /doctor/deletepicturegallary/68a44b251a0e217671835d05/3/0 | User: Unknown User
[2025-08-22 17:58:27] INFO: PUT request to /doctor/deleteawardimage/68a44b251a0e217671835d05/3/0 | User: Unknown User
[2025-08-22 17:58:34] INFO: PUT request to /doctor/updateaward/68a44b251a0e217671835d05/3 | User: Unknown User
[2025-08-22 17:58:48] INFO: PUT request to /doctor/deletepicturegallary/68a44b251a0e217671835d05/3/0 | User: Unknown User
[2025-08-22 17:59:00] INFO: PUT request to /doctor/updateaward/68a44b251a0e217671835d05/3 | User: Unknown User
[2025-08-22 18:00:41] INFO: PUT request to /doctor/deleteawardimage/68a44b251a0e217671835d05/0/1 | User: Unknown User
[2025-08-22 18:00:43] INFO: PUT request to /doctor/deletepicturegallary/68a44b251a0e217671835d05/0/1 | User: Unknown User
[2025-08-22 18:01:20] INFO: PUT request to /doctor/deleteawardimage/68a44b251a0e217671835d05/3/0 | User: Unknown User
[2025-08-22 18:01:22] INFO: PUT request to /doctor/deletepicturegallary/68a44b251a0e217671835d05/3/0 | User: Unknown User
[2025-08-22 18:01:25] INFO: PUT request to /doctor/updateaward/68a44b251a0e217671835d05/3 | User: Unknown User
[2025-08-22 22:32:14] INFO: POST request to /doctor/login | User: Unknown User
[2025-08-22 22:34:05] INFO: POST request to /doctor/login | User: Unknown User
[2025-08-22 22:43:43] INFO: PUT request to /doctor/addupcomingevents/68a44b251a0e217671835d05 | User: Unknown User
[2025-08-22 22:45:57] INFO: PUT request to /doctor/addupcomingevents/68a44b251a0e217671835d05 | User: Unknown User
[2025-08-22 22:47:03] INFO: PUT request to /doctor/addupcomingevents/68a44b251a0e217671835d05 | User: Unknown User
[2025-08-22 22:48:26] INFO: PUT request to /doctor/addupcomingevents/68a44b251a0e217671835d05 | User: Unknown User
[2025-08-22 22:52:28] INFO: PUT request to /doctor/addupcomingevents/68a44b251a0e217671835d05 | User: Unknown User
[2025-08-22 23:00:08] INFO: PUT request to /doctor/updateworkexperience/68a44b251a0e217671835d05/0 | User: Unknown User
[2025-08-22 23:08:54] INFO: PUT request to /doctor/addupcomingevents/68a44b251a0e217671835d05 | User: Unknown User
[2025-08-22 23:34:42] INFO: PUT request to /doctor/addupcomingevents/68a44b251a0e217671835d05 | User: Unknown User
[2025-08-23 00:01:12] INFO: PUT request to /doctor/addupcomingevents/68a44b251a0e217671835d05 | User: Unknown User
[2025-08-23 00:11:03] INFO: PUT request to /doctor/addupcomingevents/68a44b251a0e217671835d05 | User: Unknown User
[2025-08-25 10:23:44] INFO: POST request to /doctor/login | User: Unknown User
[2025-08-25 10:33:09] INFO: PUT request to /doctor/updateaward/68a44b251a0e217671835d05/4 | User: Unknown User
[2025-08-25 10:33:40] INFO: PUT request to /doctor/updateaward/68a44b251a0e217671835d05/4 | User: Unknown User
[2025-08-25 11:08:04] INFO: POST request to /doctor/login | User: Unknown User
[2025-08-25 11:10:14] INFO: PUT request to /doctor/deleteawardimage/68a44b251a0e217671835d05/7/0 | User: Unknown User
[2025-08-25 11:14:21] INFO: PUT request to /doctor/deleteupcomingeventsimage/68a44b251a0e217671835d05/7/0 | User: Unknown User
[2025-08-25 11:14:32] INFO: PUT request to /doctor/deleteupcomingeventsimage/68a44b251a0e217671835d05/7/0 | User: Unknown User
[2025-08-25 11:16:33] INFO: PUT request to /doctor/deleteupcomingeventsimage/68a44b251a0e217671835d05/7/0 | User: Unknown User
[2025-08-25 11:17:18] INFO: PUT request to /doctor/deleteupcomingeventsimage/68a44b251a0e217671835d05/7/0 | User: Unknown User
[2025-08-25 11:22:59] INFO: PUT request to /doctor/deleteupcomingeventsimage/68a44b251a0e217671835d05/7/0 | User: Unknown User
[2025-08-25 11:23:04] INFO: PUT request to /doctor/updateworkexperience/68a44b251a0e217671835d05/7 | User: Unknown User
[2025-08-25 11:23:15] INFO: PUT request to /doctor/updateworkexperience/68a44b251a0e217671835d05/7 | User: Unknown User
[2025-08-25 11:29:07] INFO: PUT request to /doctor/updateupcomingevents/68a44b251a0e217671835d05/7 | User: Unknown User
[2025-08-25 11:35:09] INFO: PUT request to /doctor/updateupcomingevents/68a44b251a0e217671835d05/7 | User: Unknown User
[2025-08-25 11:35:25] INFO: PUT request to /doctor/updateupcomingevents/68a44b251a0e217671835d05/7 | User: Unknown User
[2025-08-25 11:36:36] INFO: PUT request to /doctor/updateupcomingevents/68a44b251a0e217671835d05/7 | User: Unknown User
[2025-08-25 11:37:46] INFO: PUT request to /doctor/updateupcomingevents/68a44b251a0e217671835d05/7 | User: Unknown User
[2025-08-25 11:38:02] INFO: PUT request to /doctor/updateupcomingevents/68a44b251a0e217671835d05/7 | User: Unknown User
[2025-08-25 11:38:21] INFO: PUT request to /doctor/deleteupcomingeventsimage/68a44b251a0e217671835d05/7/0 | User: Unknown User
[2025-08-25 11:38:23] INFO: PUT request to /doctor/updateupcomingevents/68a44b251a0e217671835d05/7 | User: Unknown User
[2025-08-25 11:43:45] INFO: PUT request to /doctor/updateupcomingevents/68a44b251a0e217671835d05/7 | User: Unknown User
[2025-08-25 11:54:10] INFO: PUT request to /doctor/addimagegallary/68a44b251a0e217671835d05 | User: Unknown User
[2025-08-25 11:54:21] INFO: PUT request to /doctor/deleteimagefromgallary/68a44b251a0e217671835d05/3 | User: Unknown User
[2025-08-25 11:54:27] INFO: PUT request to /doctor/deleteimagefromgallary/68a44b251a0e217671835d05/2 | User: Unknown User
[2025-08-25 11:54:39] INFO: PUT request to /doctor/addimagegallary/68a44b251a0e217671835d05 | User: Unknown User
[2025-08-25 11:54:51] INFO: PUT request to /doctor/deleteimagefromgallary/68a44b251a0e217671835d05/2 | User: Unknown User
[2025-08-25 12:13:45] INFO: PUT request to /doctor/deleteupcomingeventsimage/68a44b251a0e217671835d05/7/1 | User: Unknown User
[2025-08-25 12:14:05] INFO: PUT request to /doctor/deleteupcomingeventsimage/68a44b251a0e217671835d05/7/2 | User: Unknown User
[2025-08-25 12:15:26] INFO: PUT request to /doctor/deleteupcomingeventsimage/68a44b251a0e217671835d05/7/1 | User: Unknown User
[2025-08-25 12:17:39] INFO: PUT request to /doctor/deleteupcomingeventsimage/68a44b251a0e217671835d05/7/1 | User: Unknown User
[2025-08-25 12:19:12] INFO: PUT request to /doctor/deleteupcomingeventsimage/68a44b251a0e217671835d05/7/0 | User: Unknown User
[2025-08-25 12:19:15] INFO: PUT request to /doctor/deleteupcomingeventsimage/68a44b251a0e217671835d05/7/0 | User: Unknown User
[2025-08-25 12:20:14] INFO: PUT request to /doctor/updateupcomingevents/68a44b251a0e217671835d05/7 | User: Unknown User
[2025-08-25 12:20:36] INFO: PUT request to /doctor/deleteupcomingeventsimage/68a44b251a0e217671835d05/7/0 | User: Unknown User
[2025-08-25 12:20:47] INFO: PUT request to /doctor/updateupcomingevents/68a44b251a0e217671835d05/7 | User: Unknown User
[2025-08-25 12:21:21] INFO: PUT request to /doctor/updateupcomingevents/68a44b251a0e217671835d05/7 | User: Unknown User
[2025-08-25 12:42:47] INFO: PUT request to /doctor/updateupcomingevents/68a44b251a0e217671835d05/1 | User: Unknown User
[2025-08-25 13:29:10] INFO: POST request to /doctor/login | User: Unknown User
[2025-08-25 13:29:34] INFO: PUT request to /doctor/updateupcomingevents/68a44b251a0e217671835d05/2 | User: Unknown User
[2025-08-25 15:40:41] INFO: POST request to /doctor/login | User: Unknown User
[2025-08-25 16:03:54] INFO: POST request to /doctor/login | User: Unknown User
[2025-08-25 16:04:29] INFO: POST request to /doctor/login | User: Unknown User
[2025-08-25 16:30:24] INFO: POST request to /doctor/login | User: Unknown User
[2025-08-25 16:40:55] INFO: POST request to /doctor/login | User: Unknown User
[2025-08-26 11:53:36] INFO: POST request to /doctor/login | User: Unknown User
[2025-08-26 12:02:52] INFO: POST request to /doctor/login | User: Unknown User
[2025-08-26 12:14:41] INFO: PUT request to /doctor/updatedoctor/68a44b251a0e217671835d05 | User: Digvijay
[2025-08-26 12:15:13] INFO: PUT request to /doctor/updatedoctor/68a44b251a0e217671835d05 | User: Digvijay
[2025-08-26 12:48:12] INFO: PUT request to /doctor/addupcomingevents/68a44b251a0e217671835d05 | User: Unknown User
[2025-08-26 14:07:12] INFO: POST request to /doctor/login | User: Unknown User
[2025-08-26 14:07:29] INFO: PUT request to /doctor/addimagegallary/68a44b251a0e217671835d05 | User: Unknown User
[2025-08-26 14:07:54] INFO: PUT request to /doctor/deleteimagefromgallary/68a44b251a0e217671835d05/2 | User: Unknown User
[2025-08-26 14:09:04] INFO: PUT request to /doctor/addimagegallary/68a44b251a0e217671835d05 | User: Unknown User
[2025-08-26 14:17:13] INFO: PUT request to /doctor/deleteimagefromgallary/68a44b251a0e217671835d05/2 | User: Unknown User
[2025-08-26 14:17:39] INFO: PUT request to /doctor/deleteimagefromgallary/68a44b251a0e217671835d05/2 | User: Unknown User
[2025-08-26 14:19:06] INFO: PUT request to /doctor/addimagegallary/68a44b251a0e217671835d05 | User: Unknown User
[2025-08-26 14:24:07] INFO: PUT request to /doctor/deleteimagefromgallary/68a44b251a0e217671835d05/0 | User: Unknown User
[2025-08-26 14:24:18] INFO: PUT request to /doctor/deleteimagefromgallary/68a44b251a0e217671835d05/2 | User: Unknown User
[2025-08-26 14:29:08] INFO: PUT request to /doctor/addimagegallary/68a44b251a0e217671835d05 | User: Unknown User
[2025-08-26 14:32:20] INFO: PUT request to /doctor/deleteimagefromgallary/68a44b251a0e217671835d05/2 | User: Unknown User
[2025-08-26 14:32:58] INFO: PUT request to /doctor/deleteimagefromgallary/68a44b251a0e217671835d05/2 | User: Unknown User
[2025-08-26 14:33:34] INFO: PUT request to /doctor/deleteimagefromgallary/68a44b251a0e217671835d05/2 | User: Unknown User
[2025-08-26 14:33:48] INFO: PUT request to /doctor/addimagegallary/68a44b251a0e217671835d05 | User: Unknown User
[2025-08-26 14:34:05] INFO: PUT request to /doctor/addimagegallary/68a44b251a0e217671835d05 | User: Unknown User
[2025-08-26 14:34:19] INFO: PUT request to /doctor/deleteimagefromgallary/68a44b251a0e217671835d05/3 | User: Unknown User
[2025-08-26 14:34:50] INFO: PUT request to /doctor/deleteimagefromgallary/68a44b251a0e217671835d05/3 | User: Unknown User
[2025-08-26 14:36:25] INFO: PUT request to /doctor/deleteimagefromgallary/68a44b251a0e217671835d05/3 | User: Unknown User
[2025-08-26 14:37:24] INFO: PUT request to /doctor/deleteimagefromgallary/68a44b251a0e217671835d05/3 | User: Unknown User
[2025-08-26 14:38:20] INFO: PUT request to /doctor/deleteimagefromgallary/68a44b251a0e217671835d05/2 | User: Unknown User
[2025-08-26 14:38:49] INFO: PUT request to /doctor/deleteimagefromgallary/68a44b251a0e217671835d05/2 | User: Unknown User
[2025-08-26 14:39:00] INFO: PUT request to /doctor/deleteimagefromgallary/68a44b251a0e217671835d05/1 | User: Unknown User
[2025-08-26 14:39:46] INFO: PUT request to /doctor/addimagegallary/68a44b251a0e217671835d05 | User: Unknown User
[2025-08-26 14:40:10] INFO: PUT request to /doctor/deleteimagefromgallary/68a44b251a0e217671835d05/1 | User: Unknown User
[2025-08-26 15:12:06] INFO: PUT request to /doctor/updateaward/68a44b251a0e217671835d05/0 | User: Unknown User
[2025-08-26 15:14:44] INFO: PUT request to /doctor/deletepicturegallary/68a44b251a0e217671835d05/0/1 | User: Unknown User
[2025-08-26 15:15:04] INFO: PUT request to /doctor/updateaward/68a44b251a0e217671835d05/0 | User: Unknown User
[2025-08-26 15:15:19] INFO: PUT request to /doctor/updateaward/68a44b251a0e217671835d05/0 | User: Unknown User
[2025-08-26 15:15:40] INFO: PUT request to /doctor/deletepicturegallary/68a44b251a0e217671835d05/0/1 | User: Unknown User
[2025-08-26 15:17:24] INFO: PUT request to /doctor/updateaward/68a44b251a0e217671835d05/0 | User: Unknown User
[2025-08-26 15:17:49] INFO: PUT request to /doctor/deletepicturegallary/68a44b251a0e217671835d05/0/1 | User: Unknown User
[2025-08-26 15:23:42] INFO: PUT request to /doctor/updateaward/68a44b251a0e217671835d05/0 | User: Unknown User
[2025-08-26 15:24:06] INFO: PUT request to /doctor/deleteawardimage/68a44b251a0e217671835d05/0/1 | User: Unknown User
[2025-08-26 15:28:00] INFO: PUT request to /doctor/updateaward/68a44b251a0e217671835d05/0 | User: Unknown User
[2025-08-26 15:28:50] INFO: PUT request to /doctor/deletepicturegallary/68a44b251a0e217671835d05/0/3 | User: Unknown User
[2025-08-26 15:28:55] INFO: PUT request to /doctor/deletepicturegallary/68a44b251a0e217671835d05/0/2 | User: Unknown User
[2025-08-26 15:29:07] INFO: PUT request to /doctor/deletepicturegallary/68a44b251a0e217671835d05/0/1 | User: Unknown User
[2025-08-26 15:30:32] INFO: PUT request to /doctor/deletepicturegallary/68a44b251a0e217671835d05/1/1 | User: Unknown User
[2025-08-26 15:51:35] INFO: POST request to /doctor/login | User: Unknown User
[2025-08-26 16:35:15] INFO: PUT request to /doctor/addimagegallary/68a44b251a0e217671835d05 | User: Unknown User
[2025-08-26 16:35:30] INFO: PUT request to /doctor/deleteimagefromgallary/68a44b251a0e217671835d05/1 | User: Unknown User
[2025-08-26 16:36:15] INFO: PUT request to /doctor/updateupcomingevents/68a44b251a0e217671835d05/0 | User: Unknown User
[2025-08-26 16:36:24] INFO: PUT request to /doctor/deleteupcomingeventsimage/68a44b251a0e217671835d05/0/1 | User: Unknown User
[2025-08-26 16:41:38] INFO: PUT request to /doctor/updateupcomingevents/68a44b251a0e217671835d05/0 | User: Unknown User
[2025-08-26 16:42:28] INFO: PUT request to /doctor/deleteupcomingeventsimage/68a44b251a0e217671835d05/0/1 | User: Unknown User
[2025-08-26 16:42:39] INFO: PUT request to /doctor/updateupcomingevents/68a44b251a0e217671835d05/0 | User: Unknown User
[2025-08-26 16:43:05] INFO: PUT request to /doctor/deleteupcomingeventsimage/68a44b251a0e217671835d05/0/1 | User: Unknown User
[2025-08-27 12:34:46] INFO: POST request to /api/v1/admin/LookupTypeList | User: Unknown User
[2025-08-27 12:34:54] INFO: POST request to /api/v1/common/LookupList | User: Unknown User
[2025-08-27 12:35:57] INFO: POST request to /api/v1/common/LookupList | User: Unknown User
[2025-08-27 12:36:34] INFO: POST request to /api/common/LookupList | User: Unknown User
[2025-08-27 12:36:35] INFO: POST request to /api/common/LookupList | User: Unknown User
[2025-08-27 12:37:02] INFO: POST request to /api/common/LookupList | User: Unknown User
[2025-08-27 12:37:03] INFO: POST request to /api/common/LookupList | User: Unknown User
[2025-08-27 12:37:15] INFO: POST request to /api/common/LookupList | User: Unknown User
[2025-08-27 12:37:16] INFO: POST request to /api/common/LookupList | User: Unknown User
[2025-08-27 12:37:21] INFO: POST request to /api/v1/common/LookupList | User: Unknown User
[2025-08-27 12:43:30] INFO: POST request to /api/v1/uploads/AddImage | User: Unknown User
[2025-08-27 12:43:35] INFO: POST request to /api/v1/AddImage | User: Unknown User
[2025-08-27 12:43:45] INFO: POST request to /api/v1/common/AddImage | User: Unknown User
[2025-08-27 12:43:47] INFO: POST request to /api/v1/common/AddImage | User: Unknown User
[2025-08-27 12:44:05] INFO: POST request to /api/v1/common/AddImage | User: Unknown User
[2025-08-27 13:19:41] INFO: POST request to /api/v1/admin/SaveLookup | User: Unknown User
[2025-08-27 13:28:56] INFO: POST request to /api/v1/admin/SaveLookup | User: Unknown User
[2025-08-27 13:29:33] INFO: POST request to /api/v1/admin/SaveLookup | User: Unknown User
[2025-08-27 13:29:47] INFO: POST request to /api/v1/admin/SaveLookup | User: Unknown User
[2025-08-27 13:29:49] INFO: POST request to /api/v1/admin/SaveLookup | User: Unknown User
[2025-08-27 13:31:12] INFO: POST request to /api/v1/admin/SaveLookup | User: Unknown User
[2025-08-27 13:33:01] INFO: POST request to /api/v1/admin/SaveLookup | User: Unknown User
[2025-08-27 13:34:54] INFO: POST request to /api/v1/admin/SaveLookup | User: Unknown User
[2025-08-27 13:36:33] INFO: POST request to /api/v1/admin/LookupList | User: Unknown User
[2025-08-27 13:36:54] INFO: POST request to /api/v1/admin/SaveLookup | User: Unknown User
[2025-08-27 13:37:29] INFO: POST request to /api/v1/admin/SaveLookup | User: Unknown User
[2025-08-27 13:37:47] INFO: POST request to /api/v1/admin/LookupList | User: Unknown User
[2025-08-27 13:37:48] INFO: POST request to /api/v1/admin/LookupList | User: Unknown User
[2025-08-27 13:38:00] INFO: POST request to /api/v1/admin/LookupList | User: Unknown User
[2025-08-27 13:38:19] INFO: POST request to /api/v1/admin/LookupList | User: Unknown User
[2025-08-27 13:38:38] INFO: POST request to /api/v1/admin/LookupList | User: Unknown User
[2025-08-27 13:39:38] INFO: POST request to /api/v1/admin/LookupList | User: Unknown User
[2025-08-27 14:44:38] INFO: POST request to /api/v1/admin/SaveStation | User: Unknown User
[2025-08-27 14:45:27] INFO: POST request to /api/v1/admin/SaveStation | User: Unknown User
[2025-08-27 14:46:06] INFO: POST request to /api/v1/admin/SaveStation | User: Unknown User
[2025-08-27 14:46:08] INFO: POST request to /api/v1/admin/SaveStation | User: Unknown User
[2025-08-27 14:47:30] INFO: POST request to /api/v1/admin/SaveStation | User: Unknown User
[2025-08-27 14:47:38] INFO: POST request to /api/v1/admin/SaveStation | User: Unknown User
[2025-08-27 14:47:46] INFO: POST request to /api/v1/admin/SaveStation | User: Unknown User
[2025-08-27 14:48:21] INFO: POST request to /api/v1/admin/StationList | User: Unknown User
[2025-08-27 14:49:20] INFO: POST request to /api/v1/admin/StationList | User: Unknown User
[2025-08-27 15:20:35] INFO: POST request to /api/v1/admin/SaveLookup | User: Unknown User
[2025-08-27 15:23:11] INFO: POST request to /api/v1/admin/SaveLookup | User: Unknown User
[2025-08-27 15:24:07] INFO: POST request to /api/v1/admin/SaveLookup | User: Unknown User
[2025-08-27 15:25:29] INFO: POST request to /api/v1/admin/SaveLookup | User: Unknown User
[2025-08-27 15:26:28] INFO: POST request to /api/v1/admin/SaveLookup | User: Unknown User
[2025-08-27 15:26:40] INFO: POST request to /api/v1/admin/LookupList | User: Unknown User
[2025-08-27 15:26:55] INFO: POST request to /api/v1/admin/LookupList | User: Unknown User
[2025-08-27 15:30:42] INFO: POST request to /api/v1/common/AddImage | User: Unknown User
[2025-08-27 16:05:32] INFO: POST request to /api/v1/admin/LookupList | User: Unknown User
[2025-08-27 17:12:30] INFO: POST request to /api/v1/admin/StationList | User: Unknown User
[2025-08-28 10:56:45] INFO: POST request to /api/v1/admin/StationList | User: Unknown User
[2025-08-28 10:57:40] INFO: POST request to /api/v1/admin/StationList | User: Unknown User
[2025-08-28 10:57:42] INFO: POST request to /api/v1/admin/StationList | User: Unknown User
[2025-08-28 10:58:20] INFO: POST request to /api/v1/common/LookupList | User: Unknown User
[2025-08-28 10:59:47] INFO: POST request to /api/v1/admin/StationList | User: Unknown User
[2025-08-28 11:00:37] INFO: POST request to /api/v1/admin/StationList | User: Unknown User
[2025-08-28 11:02:58] INFO: POST request to /api/v1/admin/StationList | User: Unknown User
[2025-08-28 11:07:19] INFO: POST request to /api/v1/admin/StationList | User: Unknown User
[2025-08-28 11:08:14] INFO: POST request to /api/v1/admin/SaveStation | User: Unknown User
[2025-08-28 11:17:49] INFO: POST request to /api/v1/admin/StationList | User: Unknown User
[2025-08-28 11:18:38] INFO: POST request to /api/v1/admin/StationList | User: Unknown User
[2025-08-28 11:18:40] INFO: POST request to /api/v1/admin/StationList | User: Unknown User
[2025-08-28 11:19:16] INFO: POST request to /api/v1/admin/StationList | User: Unknown User
[2025-08-28 11:19:17] INFO: POST request to /api/v1/admin/StationList | User: Unknown User
[2025-08-28 11:19:43] INFO: POST request to /api/v1/admin/StationList | User: Unknown User
[2025-08-28 11:20:09] INFO: POST request to /api/v1/admin/StationList | User: Unknown User
[2025-08-28 11:20:25] INFO: POST request to /api/v1/admin/StationList | User: Unknown User
[2025-08-28 11:21:37] INFO: POST request to /api/v1/admin/StationList | User: Unknown User
[2025-08-28 11:21:46] INFO: POST request to /api/v1/admin/StationList | User: Unknown User
[2025-08-28 11:21:48] INFO: POST request to /api/v1/admin/StationList | User: Unknown User
[2025-08-28 11:21:51] INFO: POST request to /api/v1/admin/StationList | User: Unknown User
[2025-08-28 11:24:44] INFO: POST request to /api/v1/admin/StationList | User: Unknown User
[2025-08-28 11:24:47] INFO: POST request to /api/v1/admin/StationList | User: Unknown User
[2025-08-28 11:24:48] INFO: POST request to /api/v1/admin/StationList | User: Unknown User
[2025-08-28 11:24:48] INFO: POST request to /api/v1/admin/StationList | User: Unknown User
[2025-08-28 11:38:16] INFO: POST request to /api/v1/admin/StationList | User: Unknown User
[2025-08-28 11:59:43] INFO: POST request to /api/v1/admin/StationList | User: Unknown User
[2025-08-28 13:03:37] INFO: POST request to /api/v1/admin/StationList | User: Unknown User
[2025-08-28 13:03:46] INFO: POST request to /api/v1/admin/StationList | User: Unknown User
[2025-08-28 13:05:13] INFO: POST request to /api/v1/admin/StationList | User: Unknown User
[2025-08-28 13:05:41] INFO: POST request to /api/v1/admin/StationList | User: Unknown User
[2025-08-28 13:06:37] INFO: POST request to /api/v1/admin/StationList | User: Unknown User
[2025-08-28 13:07:18] INFO: POST request to /api/v1/admin/StationList | User: Unknown User
[2025-08-28 13:07:19] INFO: POST request to /api/v1/admin/StationList | User: Unknown User
[2025-08-28 13:07:20] INFO: POST request to /api/v1/admin/StationList | User: Unknown User
[2025-08-28 13:11:28] INFO: POST request to /api/v1/admin/StationList/list?page=1&limit=10&search=main | User: Unknown User
[2025-08-28 13:11:49] INFO: POST request to /api/v1/admin/StationList/list?page=1&limit=10&search=main | User: Unknown User
[2025-08-28 13:11:50] INFO: POST request to /api/v1/admin/StationList/list?page=1&limit=10&search=main | User: Unknown User
[2025-08-28 13:11:59] INFO: POST request to /api/v1/admin/StationList/&list?page=1&limit=10&search=main | User: Unknown User
[2025-08-28 13:12:00] INFO: POST request to /api/v1/admin/StationList/&list?page=1&limit=10&search=main | User: Unknown User
[2025-08-28 13:12:00] INFO: POST request to /api/v1/admin/StationList/&list?page=1&limit=10&search=main | User: Unknown User
[2025-08-28 13:12:47] INFO: POST request to /api/v1/admin/StationList/list=20&page=1&limit=10&search=main | User: Unknown User
[2025-08-28 13:12:48] INFO: POST request to /api/v1/admin/StationList/list=20&page=1&limit=10&search=main | User: Unknown User
[2025-08-28 13:12:55] INFO: POST request to /api/v1/admin/StationList/?list=20&page=1&limit=10&search=main | User: Unknown User
[2025-08-28 13:12:57] INFO: POST request to /api/v1/admin/StationList/?list=20&page=1&limit=10&search=main | User: Unknown User
[2025-08-28 13:13:04] INFO: POST request to /api/v1/admin/StationList/?list=20&page=1&limit=10&search= | User: Unknown User
[2025-08-28 13:13:13] INFO: POST request to /api/v1/admin/StationList/ | User: Unknown User
[2025-08-28 13:13:15] INFO: POST request to /api/v1/admin/StationList/ | User: Unknown User
[2025-08-28 13:13:20] INFO: POST request to /api/v1/admin/StationList/ | User: Unknown User
